<?xml version="1.0" encoding="UTF-8"?>
<!-- Generated by org.testng.reporters.JUnitXMLReporter -->
<testsuite ignored="0" hostname="YESWANTH" failures="0" tests="5" name="Default test" time="123.227" errors="0" timestamp="2023-08-06T19:47:48 IST">
  <testcase classname="BaseClass.TestClass" name="userAccount" time="26.042"/>
  <testcase classname="BaseClass.TestClass" name="holidaySchedule" time="4.685"/>
  <testcase classname="BaseClass.TestClass" name="holidayCalendar" time="79.291"/>
  <testcase classname="BaseClass.TestClass" name="screeenshot" time="4.519"/>
  <testcase classname="BaseClass.TestClass" name="versionHisory" time="4.563"/>
</testsuite> <!-- Default test -->
