<?xml version="1.0" encoding="UTF-8"?>
<!-- Generated by org.testng.reporters.JUnitXMLReporter -->
<testsuite ignored="0" hostname="YESWANTH" failures="0" tests="4" name="Test" time="130.874" errors="0" timestamp="2023-08-06T09:41:51 IST">
  <testcase classname="BaseClass.TestClass" name="userAccount" time="28.883"/>
  <testcase classname="BaseClass.TestClass" name="holidaySchedule" time="5.114"/>
  <testcase classname="BaseClass.TestClass" name="holidayCalendar" time="85.128"/>
  <testcase classname="BaseClass.TestClass" name="versionHisory" time="4.875"/>
</testsuite> <!-- Test -->
