<?xml version="1.0" encoding="UTF-8"?>
<testng-results ignored="0" total="5" passed="5" failed="0" skipped="0">
  <reporter-output>
  </reporter-output>
  <suite started-at="2023-08-06T19:45:45 IST" name="Default suite" finished-at="2023-08-06T19:47:48 IST" duration-ms="123227">
    <groups>
    </groups>
    <test started-at="2023-08-06T19:45:45 IST" name="Default test" finished-at="2023-08-06T19:47:48 IST" duration-ms="123227">
      <class name="BaseClass.TestClass">
        <test-method is-config="true" signature="openBrowser()[pri:0, instance:BaseClass.TestClass@4b34fff9]" started-at="2023-08-06T19:45:45 IST" name="openBrowser" finished-at="2023-08-06T19:45:48 IST" duration-ms="3230" status="PASS">
          <reporter-output>
          </reporter-output>
        </test-method> <!-- openBrowser -->
        <test-method signature="userAccount()[pri:1, instance:BaseClass.TestClass@4b34fff9]" started-at="2023-08-06T19:45:48 IST" name="userAccount" finished-at="2023-08-06T19:46:14 IST" duration-ms="26042" status="PASS">
          <reporter-output>
          </reporter-output>
        </test-method> <!-- userAccount -->
        <test-method signature="holidaySchedule()[pri:2, instance:BaseClass.TestClass@4b34fff9]" started-at="2023-08-06T19:46:14 IST" name="holidaySchedule" finished-at="2023-08-06T19:46:19 IST" duration-ms="4685" status="PASS">
          <reporter-output>
          </reporter-output>
        </test-method> <!-- holidaySchedule -->
        <test-method signature="holidayCalendar()[pri:3, instance:BaseClass.TestClass@4b34fff9]" started-at="2023-08-06T19:46:19 IST" name="holidayCalendar" finished-at="2023-08-06T19:47:38 IST" duration-ms="79291" status="PASS">
          <reporter-output>
          </reporter-output>
        </test-method> <!-- holidayCalendar -->
        <test-method signature="screeenshot()[pri:4, instance:BaseClass.TestClass@4b34fff9]" started-at="2023-08-06T19:47:38 IST" name="screeenshot" finished-at="2023-08-06T19:47:43 IST" duration-ms="4519" status="PASS">
          <reporter-output>
          </reporter-output>
        </test-method> <!-- screeenshot -->
        <test-method signature="versionHisory()[pri:5, instance:BaseClass.TestClass@4b34fff9]" started-at="2023-08-06T19:47:43 IST" name="versionHisory" finished-at="2023-08-06T19:47:48 IST" duration-ms="4563" status="PASS">
          <reporter-output>
          </reporter-output>
        </test-method> <!-- versionHisory -->
        <test-method is-config="true" signature="closeBrowser()[pri:0, instance:BaseClass.TestClass@4b34fff9]" started-at="2023-08-06T19:47:48 IST" name="closeBrowser" finished-at="2023-08-06T19:47:48 IST" duration-ms="851" status="PASS">
          <reporter-output>
          </reporter-output>
        </test-method> <!-- closeBrowser -->
      </class> <!-- BaseClass.TestClass -->
    </test> <!-- Default test -->
  </suite> <!-- Default suite -->
</testng-results>
